# JRE version: OpenJDK Runtime Environment Temurin-17.0.3+7 (17.0.3+7) (build 17.0.3+7)
# Java VM: OpenJDK 64-Bit Server VM Temurin-17.0.3+7 (17.0.3+7, mixed mode, tiered, compressed oops, compressed class ptrs, g1 gc, windows-amd64)
GC Precious Log:
 CPUs: 8 total, 8 available
 Memory: 4052M
 Large Page Support: Disabled
 NUMA Support: Disabled
 Compressed Oops: Enabled (32-bit)
 Heap Region Size: 1M
 Heap Min Capacity: 8M
 Heap Initial Capacity: 64M
 Heap Max Capacity: 1014M
 Pre-touch: Disabled
 Parallel Workers: 8
 Concurrent Workers: 2
 Concurrent Refinement Workers: 8
 Periodic GC: Disabled
Heap:
 garbage-first heap   total 65536K, used 30595K [0x00000000c0a00000, 0x0000000100000000)
  region size 1024K, 4 young (4096K), 4 survivors (4096K)
 Metaspace       used 28128K, committed 28352K, reserved 1081344K
  class space    used 2953K, committed 3072K, reserved 1048576K
GC Heap History (13 events):
Event: 2.171 GC heap before
{Heap before GC invocations=0 (full 0):
 garbage-first heap   total 65536K, used 22528K [0x00000000c0a00000, 0x0000000100000000)
  region size 1024K, 23 young (23552K), 0 survivors (0K)
 Metaspace       used 12085K, committed 12288K, reserved 1064960K
  class space    used 1131K, committed 1216K, reserved 1048576K
}
Event: 2.182 GC heap after
{Heap after GC invocations=1 (full 0):
 garbage-first heap   total 65536K, used 3948K [0x00000000c0a00000, 0x0000000100000000)
  region size 1024K, 3 young (3072K), 3 survivors (3072K)
 Metaspace       used 12085K, committed 12288K, reserved 1064960K
  class space    used 1131K, committed 1216K, reserved 1048576K
}
Event: 2.834 GC heap before
{Heap before GC invocations=1 (full 0):
 garbage-first heap   total 65536K, used 40812K [0x00000000c0a00000, 0x0000000100000000)
  region size 1024K, 29 young (29696K), 3 survivors (3072K)
 Metaspace       used 14438K, committed 14656K, reserved 1064960K
  class space    used 1383K, committed 1472K, reserved 1048576K
}
Event: 2.841 GC heap after
{Heap after GC invocations=2 (full 0):
 garbage-first heap   total 65536K, used 15973K [0x00000000c0a00000, 0x0000000100000000)
  region size 1024K, 1 young (1024K), 1 survivors (1024K)
 Metaspace       used 14438K, committed 14656K, reserved 1064960K
  class space    used 1383K, committed 1472K, reserved 1048576K
}
Event: 2.891 GC heap before
{Heap before GC invocations=2 (full 0):
 garbage-first heap   total 65536K, used 42597K [0x00000000c0a00000, 0x0000000100000000)
  region size 1024K, 27 young (27648K), 1 survivors (1024K)
 Metaspace       used 14438K, committed 14656K, reserved 1064960K
  class space    used 1383K, committed 1472K, reserved 1048576K
}
Event: 2.892 GC heap after
{Heap after GC invocations=3 (full 0):
 garbage-first heap   total 65536K, used 15769K [0x00000000c0a00000, 0x0000000100000000)
  region size 1024K, 1 young (1024K), 1 survivors (1024K)
 Metaspace       used 14438K, committed 14656K, reserved 1064960K
  class space    used 1383K, committed 1472K, reserved 1048576K
}
Event: 3.452 GC heap before
{Heap before GC invocations=3 (full 0):
 garbage-first heap   total 65536K, used 42393K [0x00000000c0a00000, 0x0000000100000000)
  region size 1024K, 28 young (28672K), 1 survivors (1024K)
 Metaspace       used 21373K, committed 21504K, reserved 1073152K
  class space    used 2105K, committed 2176K, reserved 1048576K
}
Event: 3.456 GC heap after
{Heap after GC invocations=4 (full 0):
 garbage-first heap   total 65536K, used 18809K [0x00000000c0a00000, 0x0000000100000000)
  region size 1024K, 3 young (3072K), 3 survivors (3072K)
 Metaspace       used 21373K, committed 21504K, reserved 1073152K
  class space    used 2105K, committed 2176K, reserved 1048576K
}
Event: 4.388 GC heap before
{Heap before GC invocations=5 (full 0):
 garbage-first heap   total 65536K, used 48505K [0x00000000c0a00000, 0x0000000100000000)
  region size 1024K, 33 young (33792K), 3 survivors (3072K)
 Metaspace       used 28094K, committed 28352K, reserved 1081344K
  class space    used 2953K, committed 3072K, reserved 1048576K
}
Event: 4.394 GC heap after
{Heap after GC invocations=6 (full 0):
 garbage-first heap   total 65536K, used 22625K [0x00000000c0a00000, 0x0000000100000000)
  region size 1024K, 5 young (5120K), 5 survivors (5120K)
 Metaspace       used 28094K, committed 28352K, reserved 1081344K
  class space    used 2953K, committed 3072K, reserved 1048576K
}
Event: 4.524 GC heap before
{Heap before GC invocations=6 (full 0):
 garbage-first heap   total 65536K, used 47201K [0x00000000c0a00000, 0x0000000100000000)
  region size 1024K, 30 young (30720K), 5 survivors (5120K)
 Metaspace       used 28113K, committed 28352K, reserved 1081344K
  class space    used 2953K, committed 3072K, reserved 1048576K
}
Event: 4.532 GC heap after
{Heap after GC invocations=7 (full 0):
 garbage-first heap   total 65536K, used 26491K [0x00000000c0a00000, 0x0000000100000000)
  region size 1024K, 4 young (4096K), 4 survivors (4096K)
 Metaspace       used 28113K, committed 28352K, reserved 1081344K
  class space    used 2953K, committed 3072K, reserved 1048576K
}
Event: 4.632 GC heap before
{Heap before GC invocations=7 (full 0):
 garbage-first heap   total 65536K, used 47995K [0x00000000c0a00000, 0x0000000100000000)
  region size 1024K, 26 young (26624K), 4 survivors (4096K)
 Metaspace       used 28128K, committed 28352K, reserved 1081344K
  class space    used 2953K, committed 3072K, reserved 1048576K
}

